2013-11-27 01:13:20.082 Auth0WithAdfs[56333:80b] Multi-tasking -> Device: YES, App: YES
2013-11-27 01:13:20.852 Auth0WithAdfs[56333:80b] Resetting plugins due to page load.
2013-11-27 01:13:21.101 Auth0WithAdfs[56333:80b] Finished load of: file:///Users/sebas/Library/Application%20Support/iPhone%20Simulator/7.0.3/Applications/27D662C7-A5E8-476A-A786-728B34F7BF8B/Auth0WithAdfs.app/www/index.html
2013-11-27 01:13:21.158 Auth0WithAdfs[56333:80b] DEPRECATION NOTICE: The Connection ReachableViaWWAN return value of '2g' is deprecated as of Cordova version 2.6.0 and will be changed to 'cellular' in a future release. 
2013-11-27 01:14:59.171 Auth0WithAdfs[56719:80b] Multi-tasking -> Device: YES, App: YES
2013-11-27 01:14:59.981 Auth0WithAdfs[56719:80b] Resetting plugins due to page load.
2013-11-27 01:15:00.335 Auth0WithAdfs[56719:80b] Finished load of: file:///Users/sebas/Library/Application%20Support/iPhone%20Simulator/7.0.3/Applications/27D662C7-A5E8-476A-A786-728B34F7BF8B/Auth0WithAdfs.app/www/index.html
2013-11-27 01:15:00.386 Auth0WithAdfs[56719:80b] DEPRECATION NOTICE: The Connection ReachableViaWWAN return value of '2g' is deprecated as of Cordova version 2.6.0 and will be changed to 'cellular' in a future release. 
2013-11-27 01:17:03.456 Auth0WithAdfs[57112:80b] Multi-tasking -> Device: YES, App: YES
2013-11-27 01:17:04.315 Auth0WithAdfs[57112:80b] Resetting plugins due to page load.
2013-11-27 01:17:04.631 Auth0WithAdfs[57112:80b] Finished load of: file:///Users/sebas/Library/Application%20Support/iPhone%20Simulator/7.0.3/Applications/27D662C7-A5E8-476A-A786-728B34F7BF8B/Auth0WithAdfs.app/www/index.html
2013-11-27 01:17:04.682 Auth0WithAdfs[57112:80b] DEPRECATION NOTICE: The Connection ReachableViaWWAN return value of '2g' is deprecated as of Cordova version 2.6.0 and will be changed to 'cellular' in a future release. 
2013-11-27 01:17:34.769 Auth0WithAdfs[57488:80b] Multi-tasking -> Device: YES, App: YES
2013-11-27 01:17:35.186 Auth0WithAdfs[57488:80b] Resetting plugins due to page load.
2013-11-27 01:17:35.270 Auth0WithAdfs[57488:80b] Finished load of: file:///Users/sebas/Library/Application%20Support/iPhone%20Simulator/7.0.3/Applications/27D662C7-A5E8-476A-A786-728B34F7BF8B/Auth0WithAdfs.app/www/index.html
2013-11-27 01:17:35.291 Auth0WithAdfs[57488:80b] DEPRECATION NOTICE: The Connection ReachableViaWWAN return value of '2g' is deprecated as of Cordova version 2.6.0 and will be changed to 'cellular' in a future release. 
2013-11-27 01:19:57.622 Auth0WithAdfs[57884:80b] Multi-tasking -> Device: YES, App: YES
2013-11-27 01:19:58.393 Auth0WithAdfs[57884:80b] Resetting plugins due to page load.
2013-11-27 01:19:58.764 Auth0WithAdfs[57884:80b] DEPRECATION NOTICE: The Connection ReachableViaWWAN return value of '2g' is deprecated as of Cordova version 2.6.0 and will be changed to 'cellular' in a future release. 
2013-11-27 01:19:58.835 Auth0WithAdfs[57884:80b] Finished load of: file:///Users/sebas/Library/Application%20Support/iPhone%20Simulator/7.0.3/Applications/27D662C7-A5E8-476A-A786-728B34F7BF8B/Auth0WithAdfs.app/www/index.html
2013-11-27 01:26:04.890 Auth0WithAdfs[58345:80b] Multi-tasking -> Device: YES, App: YES
2013-11-27 01:26:05.619 Auth0WithAdfs[58345:80b] Resetting plugins due to page load.
2013-11-27 01:26:05.976 Auth0WithAdfs[58345:80b] Finished load of: file:///Users/sebas/Library/Application%20Support/iPhone%20Simulator/7.0.3/Applications/27D662C7-A5E8-476A-A786-728B34F7BF8B/Auth0WithAdfs.app/www/index.html
2013-11-27 01:26:06.002 Auth0WithAdfs[58345:80b] DEPRECATION NOTICE: The Connection ReachableViaWWAN return value of '2g' is deprecated as of Cordova version 2.6.0 and will be changed to 'cellular' in a future release. 
2013-11-27 01:27:29.989 Auth0WithAdfs[58732:80b] Multi-tasking -> Device: YES, App: YES
2013-11-27 01:27:30.844 Auth0WithAdfs[58732:80b] Resetting plugins due to page load.
2013-11-27 01:27:31.235 Auth0WithAdfs[58732:80b] Finished load of: file:///Users/sebas/Library/Application%20Support/iPhone%20Simulator/7.0.3/Applications/27D662C7-A5E8-476A-A786-728B34F7BF8B/Auth0WithAdfs.app/www/index.html
2013-11-27 01:27:31.287 Auth0WithAdfs[58732:80b] DEPRECATION NOTICE: The Connection ReachableViaWWAN return value of '2g' is deprecated as of Cordova version 2.6.0 and will be changed to 'cellular' in a future release. 
2013-11-27 01:36:52.748 Auth0WithAdfs[59176:80b] Multi-tasking -> Device: YES, App: YES
2013-11-27 01:36:53.608 Auth0WithAdfs[59176:80b] Resetting plugins due to page load.
2013-11-27 01:36:54.010 Auth0WithAdfs[59176:80b] Finished load of: file:///Users/sebas/Library/Application%20Support/iPhone%20Simulator/7.0.3/Applications/27D662C7-A5E8-476A-A786-728B34F7BF8B/Auth0WithAdfs.app/www/index.html
2013-11-27 01:36:54.043 Auth0WithAdfs[59176:80b] DEPRECATION NOTICE: The Connection ReachableViaWWAN return value of '2g' is deprecated as of Cordova version 2.6.0 and will be changed to 'cellular' in a future release. 
2013-11-27 01:36:58.477 Auth0WithAdfs[59176:5207] NSURLConnection/CFURLConnection HTTP load failed (kCFStreamErrorDomainSSL, -9814)
2013-11-27 01:36:58.482 Auth0WithAdfs[59176:80b] webView:didFailLoadWithError - The certificate for this server is invalid. You might be connecting to a server that is pretending to be “test-adfs.auth0.com” which could put your confidential information at risk.
2013-11-27 01:38:45.207 Auth0WithAdfs[59576:80b] Multi-tasking -> Device: YES, App: YES
2013-11-27 01:38:45.496 Auth0WithAdfs[59576:80b] Resetting plugins due to page load.
2013-11-27 01:38:45.619 Auth0WithAdfs[59576:80b] Finished load of: file:///Users/sebas/Library/Application%20Support/iPhone%20Simulator/7.0.3/Applications/27D662C7-A5E8-476A-A786-728B34F7BF8B/Auth0WithAdfs.app/www/index.html
2013-11-27 01:38:45.640 Auth0WithAdfs[59576:80b] DEPRECATION NOTICE: The Connection ReachableViaWWAN return value of '2g' is deprecated as of Cordova version 2.6.0 and will be changed to 'cellular' in a future release. 
2013-11-27 01:39:06.737 Auth0WithAdfs[59576:5207] NSURLConnection/CFURLConnection HTTP load failed (kCFStreamErrorDomainSSL, -9814)
2013-11-27 01:39:06.744 Auth0WithAdfs[59576:80b] webView:didFailLoadWithError - The certificate for this server is invalid. You might be connecting to a server that is pretending to be “test-adfs.auth0.com” which could put your confidential information at risk.
2013-11-27 01:41:12.558 Auth0WithAdfs[59974:80b] Multi-tasking -> Device: YES, App: YES
2013-11-27 01:41:12.854 Auth0WithAdfs[59974:80b] Resetting plugins due to page load.
2013-11-27 01:41:12.990 Auth0WithAdfs[59974:80b] Finished load of: file:///Users/sebas/Library/Application%20Support/iPhone%20Simulator/7.0.3/Applications/27D662C7-A5E8-476A-A786-728B34F7BF8B/Auth0WithAdfs.app/www/index.html
2013-11-27 01:41:13.025 Auth0WithAdfs[59974:80b] DEPRECATION NOTICE: The Connection ReachableViaWWAN return value of '2g' is deprecated as of Cordova version 2.6.0 and will be changed to 'cellular' in a future release. 
2013-11-27 01:42:49.768 Auth0WithAdfs[60379:80b] Multi-tasking -> Device: YES, App: YES
2013-11-27 01:42:50.241 Auth0WithAdfs[60379:80b] Resetting plugins due to page load.
2013-11-27 01:42:50.419 Auth0WithAdfs[60379:80b] Finished load of: file:///Users/sebas/Library/Application%20Support/iPhone%20Simulator/7.0.3/Applications/27D662C7-A5E8-476A-A786-728B34F7BF8B/Auth0WithAdfs.app/www/index.html
2013-11-27 01:42:50.441 Auth0WithAdfs[60379:80b] DEPRECATION NOTICE: The Connection ReachableViaWWAN return value of '2g' is deprecated as of Cordova version 2.6.0 and will be changed to 'cellular' in a future release. 
2013-11-27 01:43:14.786 Auth0WithAdfs[60379:3f03] void SendDelegateMessage(NSInvocation *): delegate (webView:runJavaScriptAlertPanelWithMessage:initiatedByFrame:) failed to return after waiting 10 seconds. main run loop mode: kCFRunLoopDefaultMode
2013-11-27 01:43:42.749 Auth0WithAdfs[60379:3f03] void SendDelegateMessage(NSInvocation *): delegate (webView:runJavaScriptAlertPanelWithMessage:initiatedByFrame:) failed to return after waiting 10 seconds. main run loop mode: kCFRunLoopDefaultMode
2013-11-27 01:45:37.308 Auth0WithAdfs[60796:80b] Multi-tasking -> Device: YES, App: YES
2013-11-27 01:45:37.659 Auth0WithAdfs[60796:80b] Resetting plugins due to page load.
2013-11-27 01:45:37.832 Auth0WithAdfs[60796:80b] Finished load of: file:///Users/sebas/Library/Application%20Support/iPhone%20Simulator/7.0.3/Applications/27D662C7-A5E8-476A-A786-728B34F7BF8B/Auth0WithAdfs.app/www/index.html
2013-11-27 01:45:37.856 Auth0WithAdfs[60796:80b] DEPRECATION NOTICE: The Connection ReachableViaWWAN return value of '2g' is deprecated as of Cordova version 2.6.0 and will be changed to 'cellular' in a future release. 
2013-11-27 01:52:27.576 Auth0WithAdfs[61238:80b] Multi-tasking -> Device: YES, App: YES
2013-11-27 01:52:28.507 Auth0WithAdfs[61238:80b] Resetting plugins due to page load.
2013-11-27 01:52:28.909 Auth0WithAdfs[61238:80b] Finished load of: file:///Users/sebas/Library/Application%20Support/iPhone%20Simulator/7.0.3/Applications/27D662C7-A5E8-476A-A786-728B34F7BF8B/Auth0WithAdfs.app/www/index.html
2013-11-27 01:52:28.946 Auth0WithAdfs[61238:80b] DEPRECATION NOTICE: The Connection ReachableViaWWAN return value of '2g' is deprecated as of Cordova version 2.6.0 and will be changed to 'cellular' in a future release. 
2013-11-27 01:52:44.333 Auth0WithAdfs[61238:5207] NSURLConnection/CFURLConnection HTTP load failed (kCFStreamErrorDomainSSL, -9814)
2013-11-27 01:52:44.338 Auth0WithAdfs[61238:80b] webView:didFailLoadWithError - The certificate for this server is invalid. You might be connecting to a server that is pretending to be “test-adfs.auth0.com” which could put your confidential information at risk.
2013-11-27 01:54:24.675 Auth0WithAdfs[61635:80b] Multi-tasking -> Device: YES, App: YES
2013-11-27 01:54:25.045 Auth0WithAdfs[61635:80b] Resetting plugins due to page load.
2013-11-27 01:54:25.202 Auth0WithAdfs[61635:80b] Finished load of: file:///Users/sebas/Library/Application%20Support/iPhone%20Simulator/7.0.3/Applications/27D662C7-A5E8-476A-A786-728B34F7BF8B/Auth0WithAdfs.app/www/index.html
2013-11-27 01:54:25.221 Auth0WithAdfs[61635:80b] DEPRECATION NOTICE: The Connection ReachableViaWWAN return value of '2g' is deprecated as of Cordova version 2.6.0 and will be changed to 'cellular' in a future release. 
2013-11-27 01:54:44.460 Auth0WithAdfs[61635:5207] NSURLConnection/CFURLConnection HTTP load failed (kCFStreamErrorDomainSSL, -9814)
2013-11-27 01:54:44.465 Auth0WithAdfs[61635:80b] webView:didFailLoadWithError - The certificate for this server is invalid. You might be connecting to a server that is pretending to be “test-adfs.auth0.com” which could put your confidential information at risk.
2013-11-27 02:02:30.316 Auth0WithAdfs[62076:80b] Multi-tasking -> Device: YES, App: YES
2013-11-27 02:02:31.315 Auth0WithAdfs[62076:80b] Resetting plugins due to page load.
2013-11-27 02:02:31.673 Auth0WithAdfs[62076:80b] Finished load of: file:///Users/sebas/Library/Application%20Support/iPhone%20Simulator/7.0.3/Applications/27D662C7-A5E8-476A-A786-728B34F7BF8B/Auth0WithAdfs.app/www/index.html
2013-11-27 02:02:31.711 Auth0WithAdfs[62076:80b] DEPRECATION NOTICE: The Connection ReachableViaWWAN return value of '2g' is deprecated as of Cordova version 2.6.0 and will be changed to 'cellular' in a future release. 
2013-11-27 02:14:27.134 Auth0WithAdfs[62557:80b] Multi-tasking -> Device: YES, App: YES
2013-11-27 02:14:27.942 Auth0WithAdfs[62557:80b] Resetting plugins due to page load.
2013-11-27 02:14:28.301 Auth0WithAdfs[62557:80b] Finished load of: file:///Users/sebas/Library/Application%20Support/iPhone%20Simulator/7.0.3/Applications/27D662C7-A5E8-476A-A786-728B34F7BF8B/Auth0WithAdfs.app/www/index.html
2013-11-27 02:14:28.337 Auth0WithAdfs[62557:80b] DEPRECATION NOTICE: The Connection ReachableViaWWAN return value of '2g' is deprecated as of Cordova version 2.6.0 and will be changed to 'cellular' in a future release. 
2013-11-27 09:54:09.315 Auth0WithAdfs[63607:80b] Multi-tasking -> Device: YES, App: YES
2013-11-27 09:54:10.124 Auth0WithAdfs[63607:80b] Resetting plugins due to page load.
2013-11-27 09:54:10.541 Auth0WithAdfs[63607:80b] DEPRECATION NOTICE: The Connection ReachableViaWWAN return value of '2g' is deprecated as of Cordova version 2.6.0 and will be changed to 'cellular' in a future release. 
2013-11-27 09:54:10.597 Auth0WithAdfs[63607:80b] Finished load of: file:///Users/sebas/Library/Application%20Support/iPhone%20Simulator/7.0.3/Applications/27D662C7-A5E8-476A-A786-728B34F7BF8B/Auth0WithAdfs.app/www/index.html
2013-11-27 09:56:34.182 Auth0WithAdfs[63992:80b] Multi-tasking -> Device: YES, App: YES
2013-11-27 09:56:34.679 Auth0WithAdfs[63992:80b] Resetting plugins due to page load.
2013-11-27 09:56:35.264 Auth0WithAdfs[63992:80b] Finished load of: file:///Users/sebas/Library/Application%20Support/iPhone%20Simulator/7.0.3/Applications/27D662C7-A5E8-476A-A786-728B34F7BF8B/Auth0WithAdfs.app/www/index.html
2013-11-27 09:56:35.318 Auth0WithAdfs[63992:80b] DEPRECATION NOTICE: The Connection ReachableViaWWAN return value of '2g' is deprecated as of Cordova version 2.6.0 and will be changed to 'cellular' in a future release. 
2013-11-27 09:58:00.188 Auth0WithAdfs[64381:80b] Multi-tasking -> Device: YES, App: YES
2013-11-27 09:58:01.074 Auth0WithAdfs[64381:80b] Resetting plugins due to page load.
2013-11-27 09:58:01.338 Auth0WithAdfs[64381:80b] Finished load of: file:///Users/sebas/Library/Application%20Support/iPhone%20Simulator/7.0.3/Applications/27D662C7-A5E8-476A-A786-728B34F7BF8B/Auth0WithAdfs.app/www/index.html
2013-11-27 09:58:01.381 Auth0WithAdfs[64381:80b] DEPRECATION NOTICE: The Connection ReachableViaWWAN return value of '2g' is deprecated as of Cordova version 2.6.0 and will be changed to 'cellular' in a future release. 
2013-11-27 10:12:27.086 Auth0WithAdfs[65635:80b] Multi-tasking -> Device: YES, App: YES
2013-11-27 10:12:27.911 Auth0WithAdfs[65635:80b] Resetting plugins due to page load.
2013-11-27 10:12:28.299 Auth0WithAdfs[65635:80b] Finished load of: file:///Users/sebas/Library/Application%20Support/iPhone%20Simulator/7.0.3/Applications/27D662C7-A5E8-476A-A786-728B34F7BF8B/Auth0WithAdfs.app/www/index.html
2013-11-27 10:12:28.333 Auth0WithAdfs[65635:80b] DEPRECATION NOTICE: The Connection ReachableViaWWAN return value of '2g' is deprecated as of Cordova version 2.6.0 and will be changed to 'cellular' in a future release. 
2013-11-27 10:14:05.931 Auth0WithAdfs[66021:80b] Multi-tasking -> Device: YES, App: YES
2013-11-27 10:14:06.242 Auth0WithAdfs[66021:80b] Resetting plugins due to page load.
2013-11-27 10:14:06.352 Auth0WithAdfs[66021:80b] Finished load of: file:///Users/sebas/Library/Application%20Support/iPhone%20Simulator/7.0.3/Applications/27D662C7-A5E8-476A-A786-728B34F7BF8B/Auth0WithAdfs.app/www/index.html
2013-11-27 10:14:06.374 Auth0WithAdfs[66021:80b] DEPRECATION NOTICE: The Connection ReachableViaWWAN return value of '2g' is deprecated as of Cordova version 2.6.0 and will be changed to 'cellular' in a future release. 
2013-11-27 10:15:01.448 Auth0WithAdfs[66390:80b] Multi-tasking -> Device: YES, App: YES
2013-11-27 10:15:01.786 Auth0WithAdfs[66390:80b] Resetting plugins due to page load.
2013-11-27 10:15:01.923 Auth0WithAdfs[66390:80b] Finished load of: file:///Users/sebas/Library/Application%20Support/iPhone%20Simulator/7.0.3/Applications/27D662C7-A5E8-476A-A786-728B34F7BF8B/Auth0WithAdfs.app/www/index.html
2013-11-27 10:15:01.954 Auth0WithAdfs[66390:80b] DEPRECATION NOTICE: The Connection ReachableViaWWAN return value of '2g' is deprecated as of Cordova version 2.6.0 and will be changed to 'cellular' in a future release. 
2013-11-27 10:15:36.995 Auth0WithAdfs[66760:80b] Multi-tasking -> Device: YES, App: YES
2013-11-27 10:15:37.263 Auth0WithAdfs[66760:80b] Resetting plugins due to page load.
2013-11-27 10:15:37.416 Auth0WithAdfs[66760:80b] Finished load of: file:///Users/sebas/Library/Application%20Support/iPhone%20Simulator/7.0.3/Applications/27D662C7-A5E8-476A-A786-728B34F7BF8B/Auth0WithAdfs.app/www/index.html
2013-11-27 10:15:37.439 Auth0WithAdfs[66760:80b] DEPRECATION NOTICE: The Connection ReachableViaWWAN return value of '2g' is deprecated as of Cordova version 2.6.0 and will be changed to 'cellular' in a future release. 
2013-11-27 10:22:33.154 Auth0WithAdfs[67214:80b] Multi-tasking -> Device: YES, App: YES
2013-11-27 10:22:36.799 Auth0WithAdfs[67214:80b] Resetting plugins due to page load.
2013-11-27 10:22:37.186 Auth0WithAdfs[67214:80b] DEPRECATION NOTICE: The Connection ReachableViaWWAN return value of '2g' is deprecated as of Cordova version 2.6.0 and will be changed to 'cellular' in a future release. 
2013-11-27 10:22:37.247 Auth0WithAdfs[67214:80b] Finished load of: file:///Users/sebas/Library/Application%20Support/iPhone%20Simulator/7.0.3/Applications/27D662C7-A5E8-476A-A786-728B34F7BF8B/Auth0WithAdfs.app/www/index.html
2013-11-27 10:28:19.026 Auth0WithAdfs[67614:80b] Multi-tasking -> Device: YES, App: YES
2013-11-27 10:28:19.358 Auth0WithAdfs[67614:80b] Resetting plugins due to page load.
2013-11-27 10:28:19.650 Auth0WithAdfs[67614:80b] Finished load of: file:///Users/sebas/Library/Application%20Support/iPhone%20Simulator/7.0.3/Applications/27D662C7-A5E8-476A-A786-728B34F7BF8B/Auth0WithAdfs.app/www/index.html
2013-11-27 10:28:19.688 Auth0WithAdfs[67614:80b] DEPRECATION NOTICE: The Connection ReachableViaWWAN return value of '2g' is deprecated as of Cordova version 2.6.0 and will be changed to 'cellular' in a future release. 
2013-11-27 10:30:53.394 Auth0WithAdfs[68005:80b] Multi-tasking -> Device: YES, App: YES
2013-11-27 10:30:53.742 Auth0WithAdfs[68005:80b] Resetting plugins due to page load.
2013-11-27 10:30:53.904 Auth0WithAdfs[68005:80b] Finished load of: file:///Users/sebas/Library/Application%20Support/iPhone%20Simulator/7.0.3/Applications/27D662C7-A5E8-476A-A786-728B34F7BF8B/Auth0WithAdfs.app/www/index.html
2013-11-27 10:30:53.943 Auth0WithAdfs[68005:80b] DEPRECATION NOTICE: The Connection ReachableViaWWAN return value of '2g' is deprecated as of Cordova version 2.6.0 and will be changed to 'cellular' in a future release. 
2013-11-27 10:39:29.734 Auth0WithAdfs[68443:80b] Multi-tasking -> Device: YES, App: YES
2013-11-27 10:39:30.093 Auth0WithAdfs[68443:80b] Resetting plugins due to page load.
2013-11-27 10:39:30.247 Auth0WithAdfs[68443:80b] Finished load of: file:///Users/sebas/Library/Application%20Support/iPhone%20Simulator/7.0.3/Applications/27D662C7-A5E8-476A-A786-728B34F7BF8B/Auth0WithAdfs.app/www/index.html
2013-11-27 10:39:30.271 Auth0WithAdfs[68443:80b] DEPRECATION NOTICE: The Connection ReachableViaWWAN return value of '2g' is deprecated as of Cordova version 2.6.0 and will be changed to 'cellular' in a future release. 
2013-11-27 10:41:05.466 Auth0WithAdfs[68822:80b] Multi-tasking -> Device: YES, App: YES
2013-11-27 10:41:05.844 Auth0WithAdfs[68822:80b] Resetting plugins due to page load.
2013-11-27 10:41:06.011 Auth0WithAdfs[68822:80b] Finished load of: file:///Users/sebas/Library/Application%20Support/iPhone%20Simulator/7.0.3/Applications/27D662C7-A5E8-476A-A786-728B34F7BF8B/Auth0WithAdfs.app/www/index.html
2013-11-27 10:41:06.034 Auth0WithAdfs[68822:80b] DEPRECATION NOTICE: The Connection ReachableViaWWAN return value of '2g' is deprecated as of Cordova version 2.6.0 and will be changed to 'cellular' in a future release. 
